16:25:42 [ultranest] [DEBUG] ReactiveNestedSampler: dims=5+0, resume=False, log_dir=ultranest_nopair/run1, backend=hdf5, vectorized=False, nbootstraps=30, ndraw=128..65536
16:32:00 [ultranest] [DEBUG] ReactiveNestedSampler: dims=5+0, resume=False, log_dir=ultranest_nopair/run2, backend=hdf5, vectorized=False, nbootstraps=30, ndraw=128..65536
16:32:00 [ultranest] [INFO] Sampling 300 live points from prior ...
16:32:01 [ultranest] [DEBUG] run_iter dlogz=0.5, dKL=0.5, frac_remain=0.01, Lepsilon=0.0010, min_ess=400
16:32:01 [ultranest] [DEBUG] max_iters=-1, max_ncalls=-1, max_num_improvement_loops=-1, min_num_live_points=300, cluster_num_live_points=40
16:32:01 [ultranest] [DEBUG] minimal_widths_sequence: [(np.float64(-inf), np.float64(300.0)), (np.float64(inf), np.float64(300.0))]
16:32:01 [ultranest] [DEBUG] iteration=0, ncalls=301, regioncalls=40, ndraw=40, logz=-inf, remainder_fraction=100.0000%, Lmin=-3975683884180357.00, Lmax=-1202441172.30
16:32:01 [ultranest] [DEBUG] iteration=30, ncalls=333, regioncalls=1320, ndraw=40, logz=-1354004179989388.25, remainder_fraction=100.0000%, Lmin=-1350025688647596.00, Lmax=-1094876394.33
16:32:01 [ultranest] [DEBUG] iteration=60, ncalls=367, regioncalls=2680, ndraw=40, logz=-635535396111488.50, remainder_fraction=100.0000%, Lmin=-629772787957328.88, Lmax=-1094876394.33
16:32:01 [ultranest] [DEBUG] iteration=67, ncalls=375, regioncalls=3000, ndraw=40, logz=-551018819460580.25, remainder_fraction=100.0000%, Lmin=-546084682128976.44, Lmax=-1094876394.33
16:32:01 [ultranest] [DEBUG] iteration=90, ncalls=402, regioncalls=4080, ndraw=40, logz=-334640761497282.56, remainder_fraction=100.0000%, Lmin=-300216955413269.44, Lmax=-1094876394.33
16:32:01 [ultranest] [DEBUG] iteration=120, ncalls=440, regioncalls=5600, ndraw=40, logz=-103053012046481.14, remainder_fraction=100.0000%, Lmin=-95606172701932.06, Lmax=-1094876394.33
16:32:01 [ultranest] [DEBUG] iteration=134, ncalls=461, regioncalls=6440, ndraw=40, logz=-61524897840600.43, remainder_fraction=100.0000%, Lmin=-59747899447810.45, Lmax=-1094876394.33
16:32:01 [ultranest] [DEBUG] iteration=150, ncalls=480, regioncalls=7200, ndraw=40, logz=-35190067781132.95, remainder_fraction=100.0000%, Lmin=-34213299538056.12, Lmax=-1094876394.33
16:32:01 [ultranest] [DEBUG] iteration=180, ncalls=523, regioncalls=8920, ndraw=40, logz=-19619431489352.36, remainder_fraction=100.0000%, Lmin=-19587463383246.45, Lmax=-1094876394.33
16:32:01 [ultranest] [DEBUG] iteration=210, ncalls=560, regioncalls=10400, ndraw=40, logz=-8391750704385.27, remainder_fraction=100.0000%, Lmin=-7980397879120.54, Lmax=-1094876394.33
16:32:01 [ultranest] [DEBUG] iteration=240, ncalls=613, regioncalls=12520, ndraw=40, logz=-3377960189968.53, remainder_fraction=100.0000%, Lmin=-3254782039874.22, Lmax=-1094876394.33
16:32:02 [ultranest] [DEBUG] iteration=270, ncalls=653, regioncalls=14120, ndraw=40, logz=-1697497180700.46, remainder_fraction=100.0000%, Lmin=-1648906068656.44, Lmax=-1094876394.33
16:32:02 [ultranest] [DEBUG] iteration=300, ncalls=698, regioncalls=15920, ndraw=40, logz=-740576216600.65, remainder_fraction=100.0000%, Lmin=-729743836679.19, Lmax=-1094876394.33
16:32:02 [ultranest] [DEBUG] iteration=330, ncalls=754, regioncalls=18160, ndraw=40, logz=-355332513210.92, remainder_fraction=100.0000%, Lmin=-354246034306.39, Lmax=-1094876394.33
16:32:02 [ultranest] [DEBUG] iteration=335, ncalls=764, regioncalls=18560, ndraw=40, logz=-334312934304.00, remainder_fraction=100.0000%, Lmin=-334035830568.40, Lmax=-1094876394.33
16:32:02 [ultranest] [DEBUG] iteration=360, ncalls=797, regioncalls=19880, ndraw=40, logz=-207215026034.55, remainder_fraction=100.0000%, Lmin=-206583916009.35, Lmax=-1094876394.33
16:32:02 [ultranest] [DEBUG] iteration=390, ncalls=849, regioncalls=21960, ndraw=40, logz=-126771999697.48, remainder_fraction=100.0000%, Lmin=-123634254875.26, Lmax=-1094876394.33
16:32:02 [ultranest] [DEBUG] iteration=420, ncalls=895, regioncalls=23800, ndraw=40, logz=-80337211182.05, remainder_fraction=100.0000%, Lmin=-77828051011.95, Lmax=-1094876394.33
16:32:02 [ultranest] [DEBUG] iteration=450, ncalls=948, regioncalls=25920, ndraw=40, logz=-48129169713.66, remainder_fraction=100.0000%, Lmin=-47582368169.33, Lmax=-1094876394.33
16:32:02 [ultranest] [DEBUG] iteration=469, ncalls=976, regioncalls=27040, ndraw=40, logz=-38367313434.44, remainder_fraction=100.0000%, Lmin=-37560763073.51, Lmax=-1094876394.33
16:32:02 [ultranest] [DEBUG] iteration=480, ncalls=993, regioncalls=27720, ndraw=40, logz=-34794739663.17, remainder_fraction=100.0000%, Lmin=-33967584181.10, Lmax=-1094876394.33
16:32:02 [ultranest] [DEBUG] iteration=510, ncalls=1036, regioncalls=29440, ndraw=40, logz=-25739070549.51, remainder_fraction=100.0000%, Lmin=-25447596334.36, Lmax=-1089728328.82
16:32:02 [ultranest] [DEBUG] iteration=536, ncalls=1068, regioncalls=30720, ndraw=40, logz=-19610909667.72, remainder_fraction=100.0000%, Lmin=-19383551421.97, Lmax=-1089728328.82
16:32:02 [ultranest] [DEBUG] iteration=540, ncalls=1074, regioncalls=30960, ndraw=40, logz=-18614077395.40, remainder_fraction=100.0000%, Lmin=-18455705015.14, Lmax=-1089728328.82
16:32:02 [ultranest] [DEBUG] iteration=570, ncalls=1120, regioncalls=32800, ndraw=40, logz=-14537739220.37, remainder_fraction=100.0000%, Lmin=-14536775547.27, Lmax=-1089728328.82
16:32:02 [ultranest] [DEBUG] iteration=600, ncalls=1159, regioncalls=34360, ndraw=40, logz=-11957238411.85, remainder_fraction=100.0000%, Lmin=-11930643733.91, Lmax=-1089728328.82
16:32:02 [ultranest] [DEBUG] iteration=603, ncalls=1165, regioncalls=34600, ndraw=40, logz=-11884819492.61, remainder_fraction=100.0000%, Lmin=-11802514783.84, Lmax=-1089728328.82
16:32:02 [ultranest] [DEBUG] iteration=630, ncalls=1198, regioncalls=35920, ndraw=40, logz=-9610594381.96, remainder_fraction=100.0000%, Lmin=-9606558608.68, Lmax=-1089728328.82
16:32:02 [ultranest] [DEBUG] iteration=660, ncalls=1241, regioncalls=37640, ndraw=40, logz=-8016640851.19, remainder_fraction=100.0000%, Lmin=-8001361958.53, Lmax=-1089728328.82
16:32:02 [ultranest] [DEBUG] iteration=670, ncalls=1251, regioncalls=38040, ndraw=40, logz=-7559021950.40, remainder_fraction=100.0000%, Lmin=-7536436785.54, Lmax=-1089728328.82
16:32:02 [ultranest] [DEBUG] iteration=690, ncalls=1276, regioncalls=39040, ndraw=40, logz=-6744925527.91, remainder_fraction=100.0000%, Lmin=-6737391726.69, Lmax=-1089728328.82
16:32:02 [ultranest] [DEBUG] iteration=720, ncalls=1327, regioncalls=41120, ndraw=40, logz=-5706661195.47, remainder_fraction=100.0000%, Lmin=-5705879885.25, Lmax=-1089728328.82
16:32:02 [ultranest] [DEBUG] iteration=750, ncalls=1376, regioncalls=43080, ndraw=40, logz=-4940420251.10, remainder_fraction=100.0000%, Lmin=-4900371694.55, Lmax=-1089728328.82
16:32:02 [ultranest] [DEBUG] iteration=780, ncalls=1427, regioncalls=45120, ndraw=40, logz=-4322706195.96, remainder_fraction=100.0000%, Lmin=-4316392117.18, Lmax=-1089728328.82
16:32:02 [ultranest] [DEBUG] iteration=804, ncalls=1458, regioncalls=46360, ndraw=40, logz=-3980303906.02, remainder_fraction=100.0000%, Lmin=-3979473571.70, Lmax=-1089728328.82
16:32:02 [ultranest] [DEBUG] iteration=810, ncalls=1466, regioncalls=46680, ndraw=40, logz=-3913169206.02, remainder_fraction=100.0000%, Lmin=-3898477108.35, Lmax=-1089728328.82
16:32:03 [ultranest] [DEBUG] iteration=840, ncalls=1501, regioncalls=48080, ndraw=40, logz=-3397109600.49, remainder_fraction=100.0000%, Lmin=-3391394145.84, Lmax=-1089728328.82
16:32:03 [ultranest] [DEBUG] iteration=870, ncalls=1555, regioncalls=50440, ndraw=40, logz=-3083358568.07, remainder_fraction=100.0000%, Lmin=-3080565071.24, Lmax=-1089728328.82
16:32:03 [ultranest] [DEBUG] iteration=871, ncalls=1556, regioncalls=50480, ndraw=40, logz=-3080565079.85, remainder_fraction=100.0000%, Lmin=-3080106631.90, Lmax=-1089728328.82
16:32:03 [ultranest] [DEBUG] iteration=900, ncalls=1597, regioncalls=52280, ndraw=40, logz=-2805534494.80, remainder_fraction=100.0000%, Lmin=-2805235539.91, Lmax=-1089728328.82
16:32:03 [ultranest] [DEBUG] iteration=930, ncalls=1648, regioncalls=54320, ndraw=40, logz=-2549816575.03, remainder_fraction=100.0000%, Lmin=-2536096535.27, Lmax=-1089728328.82
16:32:03 [ultranest] [DEBUG] iteration=938, ncalls=1661, regioncalls=54840, ndraw=40, logz=-2489410903.02, remainder_fraction=100.0000%, Lmin=-2485667260.16, Lmax=-1089728328.82
16:32:03 [ultranest] [DEBUG] iteration=960, ncalls=1688, regioncalls=55960, ndraw=40, logz=-2358222327.48, remainder_fraction=100.0000%, Lmin=-2356320515.96, Lmax=-1089728328.82
16:32:03 [ultranest] [DEBUG] iteration=990, ncalls=1726, regioncalls=57480, ndraw=40, logz=-2187586765.75, remainder_fraction=100.0000%, Lmin=-2182069832.93, Lmax=-1089728328.82
16:32:03 [ultranest] [DEBUG] iteration=1005, ncalls=1744, regioncalls=58200, ndraw=40, logz=-2142814862.72, remainder_fraction=100.0000%, Lmin=-2140939308.44, Lmax=-1089728328.82
16:32:03 [ultranest] [DEBUG] iteration=1020, ncalls=1761, regioncalls=58920, ndraw=40, logz=-2055976833.68, remainder_fraction=100.0000%, Lmin=-2055905024.20, Lmax=-1089728328.82
16:32:03 [ultranest] [DEBUG] iteration=1050, ncalls=1804, regioncalls=60640, ndraw=40, logz=-1938097603.91, remainder_fraction=100.0000%, Lmin=-1935245920.27, Lmax=-1089728328.82
16:32:03 [ultranest] [DEBUG] iteration=1072, ncalls=1846, regioncalls=62320, ndraw=40, logz=-1882695438.17, remainder_fraction=100.0000%, Lmin=-1881208515.05, Lmax=-1089110346.12
16:32:03 [ultranest] [DEBUG] iteration=1080, ncalls=1857, regioncalls=62960, ndraw=40, logz=-1861787891.25, remainder_fraction=100.0000%, Lmin=-1861462763.23, Lmax=-1089110346.12
16:32:03 [ultranest] [DEBUG] iteration=1110, ncalls=1906, regioncalls=64920, ndraw=40, logz=-1776332506.34, remainder_fraction=100.0000%, Lmin=-1774824178.26, Lmax=-1085856952.54
16:32:03 [ultranest] [DEBUG] iteration=1140, ncalls=1950, regioncalls=66680, ndraw=40, logz=-1705897093.85, remainder_fraction=100.0000%, Lmin=-1705501332.18, Lmax=-1085856952.54
16:32:03 [ultranest] [DEBUG] iteration=1170, ncalls=1989, regioncalls=68240, ndraw=40, logz=-1644113060.87, remainder_fraction=100.0000%, Lmin=-1642164436.95, Lmax=-1085856952.54
16:32:03 [ultranest] [DEBUG] iteration=1200, ncalls=2029, regioncalls=69880, ndraw=40, logz=-1572381959.10, remainder_fraction=100.0000%, Lmin=-1571533918.53, Lmax=-1085856952.54
16:32:03 [ultranest] [DEBUG] iteration=1206, ncalls=2038, regioncalls=70280, ndraw=40, logz=-1564060623.53, remainder_fraction=100.0000%, Lmin=-1564040408.03, Lmax=-1085856952.54
16:32:03 [ultranest] [DEBUG] iteration=1230, ncalls=2076, regioncalls=71880, ndraw=40, logz=-1526765390.16, remainder_fraction=100.0000%, Lmin=-1523066574.49, Lmax=-1085856952.54
16:32:03 [ultranest] [DEBUG] iteration=1260, ncalls=2124, regioncalls=73800, ndraw=40, logz=-1474570808.71, remainder_fraction=100.0000%, Lmin=-1472116706.63, Lmax=-1085856952.54
16:32:03 [ultranest] [DEBUG] iteration=1273, ncalls=2140, regioncalls=74440, ndraw=40, logz=-1450021051.12, remainder_fraction=100.0000%, Lmin=-1449296000.06, Lmax=-1085856952.54
16:32:03 [ultranest] [DEBUG] iteration=1290, ncalls=2162, regioncalls=75360, ndraw=40, logz=-1423682522.07, remainder_fraction=100.0000%, Lmin=-1417493844.90, Lmax=-1085856952.54
16:32:03 [ultranest] [DEBUG] iteration=1320, ncalls=2196, regioncalls=76720, ndraw=40, logz=-1376573524.81, remainder_fraction=100.0000%, Lmin=-1376164709.16, Lmax=-1085856952.54
16:32:03 [ultranest] [DEBUG] iteration=1340, ncalls=2228, regioncalls=78000, ndraw=40, logz=-1357164169.48, remainder_fraction=100.0000%, Lmin=-1357091160.14, Lmax=-1085856952.54
16:32:03 [ultranest] [DEBUG] iteration=1350, ncalls=2240, regioncalls=78520, ndraw=40, logz=-1350097936.60, remainder_fraction=100.0000%, Lmin=-1349398166.65, Lmax=-1085856952.54
16:32:03 [ultranest] [DEBUG] iteration=1380, ncalls=2287, regioncalls=80400, ndraw=40, logz=-1317477832.09, remainder_fraction=100.0000%, Lmin=-1317419428.27, Lmax=-1085856952.54
16:32:04 [ultranest] [DEBUG] iteration=1407, ncalls=2320, regioncalls=81720, ndraw=40, logz=-1299379030.74, remainder_fraction=100.0000%, Lmin=-1299036294.61, Lmax=-1085856952.54
16:32:04 [ultranest] [DEBUG] iteration=1410, ncalls=2324, regioncalls=81960, ndraw=40, logz=-1297983878.13, remainder_fraction=100.0000%, Lmin=-1297957843.68, Lmax=-1085856952.54
16:32:04 [ultranest] [DEBUG] iteration=1440, ncalls=2365, regioncalls=83640, ndraw=40, logz=-1266928038.73, remainder_fraction=100.0000%, Lmin=-1265727595.12, Lmax=-1085856952.54
16:32:04 [ultranest] [DEBUG] iteration=1470, ncalls=2410, regioncalls=85440, ndraw=40, logz=-1250600178.04, remainder_fraction=100.0000%, Lmin=-1250389906.81, Lmax=-1085856952.54
16:32:04 [ultranest] [DEBUG] iteration=1474, ncalls=2420, regioncalls=85840, ndraw=40, logz=-1249172756.94, remainder_fraction=100.0000%, Lmin=-1248126820.38, Lmax=-1085856952.54
16:32:04 [ultranest] [DEBUG] iteration=1500, ncalls=2448, regioncalls=87120, ndraw=40, logz=-1234704420.60, remainder_fraction=100.0000%, Lmin=-1234671120.96, Lmax=-1085856952.54
16:32:04 [ultranest] [DEBUG] iteration=1530, ncalls=2494, regioncalls=89040, ndraw=40, logz=-1220069882.40, remainder_fraction=100.0000%, Lmin=-1219878740.70, Lmax=-1085856952.54
16:32:04 [ultranest] [DEBUG] iteration=1560, ncalls=2546, regioncalls=91160, ndraw=40, logz=-1205576776.53, remainder_fraction=100.0000%, Lmin=-1205452993.59, Lmax=-1085856952.54
16:32:04 [ultranest] [DEBUG] iteration=1590, ncalls=2588, regioncalls=92920, ndraw=40, logz=-1197319162.27, remainder_fraction=100.0000%, Lmin=-1196243633.12, Lmax=-1085856952.54
16:32:04 [ultranest] [DEBUG] iteration=1608, ncalls=2620, regioncalls=94280, ndraw=40, logz=-1188782593.55, remainder_fraction=100.0000%, Lmin=-1188583028.52, Lmax=-1085856952.54
16:32:04 [ultranest] [DEBUG] iteration=1620, ncalls=2636, regioncalls=94920, ndraw=40, logz=-1185366726.14, remainder_fraction=100.0000%, Lmin=-1185169615.04, Lmax=-1085856952.54
16:32:04 [ultranest] [DEBUG] iteration=1650, ncalls=2679, regioncalls=96640, ndraw=40, logz=-1173748210.43, remainder_fraction=100.0000%, Lmin=-1173566734.41, Lmax=-1085856952.54
16:32:04 [ultranest] [DEBUG] iteration=1680, ncalls=2726, regioncalls=98560, ndraw=40, logz=-1165308168.75, remainder_fraction=100.0000%, Lmin=-1165295043.31, Lmax=-1085856952.54
16:32:04 [ultranest] [DEBUG] iteration=1710, ncalls=2780, regioncalls=100760, ndraw=40, logz=-1156081605.23, remainder_fraction=100.0000%, Lmin=-1155442463.86, Lmax=-1085856952.54
16:32:04 [ultranest] [DEBUG] iteration=1740, ncalls=2834, regioncalls=102960, ndraw=40, logz=-1150166989.27, remainder_fraction=100.0000%, Lmin=-1150057925.75, Lmax=-1085856952.54
16:32:04 [ultranest] [DEBUG] iteration=1742, ncalls=2836, regioncalls=103120, ndraw=40, logz=-1150007175.30, remainder_fraction=100.0000%, Lmin=-1149837745.92, Lmax=-1085856952.54
16:32:04 [ultranest] [DEBUG] iteration=1770, ncalls=2881, regioncalls=104920, ndraw=40, logz=-1144212796.42, remainder_fraction=100.0000%, Lmin=-1144058924.17, Lmax=-1083300719.53
16:32:04 [ultranest] [DEBUG] iteration=1800, ncalls=2929, regioncalls=106840, ndraw=40, logz=-1138300420.91, remainder_fraction=100.0000%, Lmin=-1138244579.67, Lmax=-1083300719.53
16:32:04 [ultranest] [DEBUG] iteration=1809, ncalls=2944, regioncalls=107480, ndraw=40, logz=-1135810540.97, remainder_fraction=100.0000%, Lmin=-1135624381.06, Lmax=-1083300719.53
16:32:04 [ultranest] [DEBUG] iteration=1830, ncalls=2969, regioncalls=108600, ndraw=40, logz=-1132004483.79, remainder_fraction=100.0000%, Lmin=-1131787927.71, Lmax=-1083300719.53
16:32:04 [ultranest] [DEBUG] iteration=1860, ncalls=3013, regioncalls=110360, ndraw=40, logz=-1128765898.93, remainder_fraction=100.0000%, Lmin=-1128523116.51, Lmax=-1083300719.53
16:32:04 [ultranest] [DEBUG] iteration=1876, ncalls=3032, regioncalls=111320, ndraw=40, logz=-1126048453.16, remainder_fraction=100.0000%, Lmin=-1125941483.70, Lmax=-1083300719.53
16:32:04 [ultranest] [DEBUG] iteration=1890, ncalls=3051, regioncalls=112080, ndraw=40, logz=-1123955601.64, remainder_fraction=100.0000%, Lmin=-1123797605.72, Lmax=-1083300719.53
16:32:04 [ultranest] [DEBUG] iteration=1920, ncalls=3099, regioncalls=114000, ndraw=40, logz=-1120567030.58, remainder_fraction=100.0000%, Lmin=-1120471527.73, Lmax=-1083300719.53
16:32:04 [ultranest] [DEBUG] iteration=1943, ncalls=3130, regioncalls=115320, ndraw=40, logz=-1117231715.51, remainder_fraction=100.0000%, Lmin=-1117225551.54, Lmax=-1083300719.53
16:32:04 [ultranest] [DEBUG] iteration=1950, ncalls=3142, regioncalls=115840, ndraw=40, logz=-1116765021.57, remainder_fraction=100.0000%, Lmin=-1116670698.04, Lmax=-1083300719.53
16:32:04 [ultranest] [DEBUG] iteration=1980, ncalls=3188, regioncalls=117680, ndraw=40, logz=-1114481084.65, remainder_fraction=100.0000%, Lmin=-1114470971.29, Lmax=-1082693040.11
16:32:04 [ultranest] [DEBUG] iteration=2010, ncalls=3231, regioncalls=119400, ndraw=40, logz=-1112401199.84, remainder_fraction=100.0000%, Lmin=-1111897882.55, Lmax=-1082693040.11
16:32:04 [ultranest] [DEBUG] iteration=2040, ncalls=3271, regioncalls=121080, ndraw=40, logz=-1110111732.24, remainder_fraction=100.0000%, Lmin=-1110021504.01, Lmax=-1082693040.11
16:32:05 [ultranest] [DEBUG] iteration=2070, ncalls=3316, regioncalls=122880, ndraw=40, logz=-1107024148.87, remainder_fraction=100.0000%, Lmin=-1106999586.12, Lmax=-1082693040.11
16:32:05 [ultranest] [DEBUG] iteration=2077, ncalls=3324, regioncalls=123240, ndraw=40, logz=-1106499720.35, remainder_fraction=100.0000%, Lmin=-1106381117.39, Lmax=-1082693040.11
16:32:05 [ultranest] [DEBUG] iteration=2100, ncalls=3355, regioncalls=124560, ndraw=40, logz=-1104563765.65, remainder_fraction=100.0000%, Lmin=-1104385784.14, Lmax=-1082693040.11
16:32:05 [ultranest] [DEBUG] iteration=2130, ncalls=3405, regioncalls=126600, ndraw=40, logz=-1102446354.79, remainder_fraction=100.0000%, Lmin=-1102388494.12, Lmax=-1082693040.11
16:32:05 [ultranest] [DEBUG] iteration=2144, ncalls=3433, regioncalls=127760, ndraw=40, logz=-1101661924.99, remainder_fraction=100.0000%, Lmin=-1101657845.67, Lmax=-1082693040.11
16:32:05 [ultranest] [DEBUG] iteration=2160, ncalls=3452, regioncalls=128640, ndraw=40, logz=-1100802242.09, remainder_fraction=100.0000%, Lmin=-1100727270.04, Lmax=-1082693040.11
16:32:05 [ultranest] [DEBUG] iteration=2190, ncalls=3491, regioncalls=130200, ndraw=40, logz=-1099426168.94, remainder_fraction=100.0000%, Lmin=-1099287815.60, Lmax=-1082693040.11
16:32:05 [ultranest] [DEBUG] iteration=2220, ncalls=3540, regioncalls=132160, ndraw=40, logz=-1098116527.57, remainder_fraction=100.0000%, Lmin=-1098082572.57, Lmax=-1081711736.50
16:32:05 [ultranest] [DEBUG] iteration=2250, ncalls=3585, regioncalls=134120, ndraw=40, logz=-1096782098.61, remainder_fraction=100.0000%, Lmin=-1096759179.33, Lmax=-1081711736.50
16:32:05 [ultranest] [DEBUG] iteration=2278, ncalls=3637, regioncalls=136360, ndraw=40, logz=-1095977732.65, remainder_fraction=100.0000%, Lmin=-1095953546.92, Lmax=-1081711736.50
16:32:05 [ultranest] [DEBUG] iteration=2280, ncalls=3639, regioncalls=136440, ndraw=40, logz=-1095914626.20, remainder_fraction=100.0000%, Lmin=-1095787493.22, Lmax=-1081711736.50
16:32:05 [ultranest] [DEBUG] iteration=2310, ncalls=3677, regioncalls=137960, ndraw=40, logz=-1095201521.68, remainder_fraction=100.0000%, Lmin=-1095181709.67, Lmax=-1081711736.50
16:32:05 [ultranest] [DEBUG] iteration=2340, ncalls=3732, regioncalls=140200, ndraw=40, logz=-1094447697.04, remainder_fraction=100.0000%, Lmin=-1094414312.59, Lmax=-1081711736.50
16:32:05 [ultranest] [DEBUG] iteration=2370, ncalls=3787, regioncalls=142440, ndraw=40, logz=-1093790713.80, remainder_fraction=100.0000%, Lmin=-1093770503.33, Lmax=-1081711736.50
16:32:05 [ultranest] [DEBUG] iteration=2400, ncalls=3838, regioncalls=144560, ndraw=40, logz=-1093011385.83, remainder_fraction=100.0000%, Lmin=-1092978465.91, Lmax=-1081194426.05
16:32:05 [ultranest] [DEBUG] iteration=2430, ncalls=3890, regioncalls=146800, ndraw=40, logz=-1092384250.70, remainder_fraction=100.0000%, Lmin=-1092383978.84, Lmax=-1081194426.05
16:32:05 [ultranest] [DEBUG] iteration=2460, ncalls=3959, regioncalls=149760, ndraw=40, logz=-1091904550.63, remainder_fraction=100.0000%, Lmin=-1091893532.55, Lmax=-1081194426.05
16:32:05 [ultranest] [DEBUG] iteration=2479, ncalls=3996, regioncalls=151400, ndraw=40, logz=-1091488061.97, remainder_fraction=100.0000%, Lmin=-1091484304.76, Lmax=-1081194426.05
16:32:05 [ultranest] [DEBUG] iteration=2490, ncalls=4017, regioncalls=152240, ndraw=40, logz=-1091333368.71, remainder_fraction=100.0000%, Lmin=-1091295177.45, Lmax=-1081194426.05
16:32:05 [ultranest] [DEBUG] iteration=2520, ncalls=4072, regioncalls=154480, ndraw=40, logz=-1090814883.28, remainder_fraction=100.0000%, Lmin=-1090797906.72, Lmax=-1081194426.05
16:32:05 [ultranest] [DEBUG] iteration=2546, ncalls=4107, regioncalls=155920, ndraw=40, logz=-1090382896.13, remainder_fraction=100.0000%, Lmin=-1090349937.60, Lmax=-1081194426.05
16:32:05 [ultranest] [DEBUG] iteration=2550, ncalls=4111, regioncalls=156080, ndraw=40, logz=-1090342278.31, remainder_fraction=100.0000%, Lmin=-1090327314.28, Lmax=-1081194426.05
16:32:05 [ultranest] [DEBUG] iteration=2580, ncalls=4161, regioncalls=158320, ndraw=40, logz=-1089798776.98, remainder_fraction=100.0000%, Lmin=-1089793578.32, Lmax=-1081194426.05
16:32:05 [ultranest] [DEBUG] iteration=2610, ncalls=4211, regioncalls=160320, ndraw=40, logz=-1089355849.21, remainder_fraction=100.0000%, Lmin=-1089347081.68, Lmax=-1081194426.05
16:32:06 [ultranest] [DEBUG] iteration=2640, ncalls=4286, regioncalls=163360, ndraw=40, logz=-1088958644.13, remainder_fraction=100.0000%, Lmin=-1088954984.46, Lmax=-1081194426.05
16:32:06 [ultranest] [DEBUG] iteration=2670, ncalls=4354, regioncalls=166120, ndraw=40, logz=-1088706869.72, remainder_fraction=100.0000%, Lmin=-1088697049.51, Lmax=-1081194426.05
16:32:06 [ultranest] [DEBUG] iteration=2680, ncalls=4386, regioncalls=167600, ndraw=40, logz=-1088623030.28, remainder_fraction=100.0000%, Lmin=-1088618498.98, Lmax=-1081194426.05
16:32:06 [ultranest] [DEBUG] iteration=2700, ncalls=4428, regioncalls=169280, ndraw=40, logz=-1088451525.94, remainder_fraction=100.0000%, Lmin=-1088450205.66, Lmax=-1081194426.05
16:32:06 [ultranest] [DEBUG] iteration=2730, ncalls=4487, regioncalls=171640, ndraw=40, logz=-1088127980.11, remainder_fraction=100.0000%, Lmin=-1088126871.87, Lmax=-1081194426.05
16:32:06 [ultranest] [DEBUG] iteration=2747, ncalls=4522, regioncalls=173080, ndraw=40, logz=-1087966007.90, remainder_fraction=100.0000%, Lmin=-1087959462.34, Lmax=-1081194426.05
16:32:06 [ultranest] [DEBUG] iteration=2760, ncalls=4537, regioncalls=173680, ndraw=40, logz=-1087792296.33, remainder_fraction=100.0000%, Lmin=-1087790649.92, Lmax=-1081194426.05
16:32:06 [ultranest] [DEBUG] iteration=2790, ncalls=4595, regioncalls=176000, ndraw=40, logz=-1087499282.11, remainder_fraction=100.0000%, Lmin=-1087494668.56, Lmax=-1081194426.05
16:32:06 [ultranest] [DEBUG] iteration=2814, ncalls=4637, regioncalls=177720, ndraw=40, logz=-1087333432.33, remainder_fraction=100.0000%, Lmin=-1087326523.14, Lmax=-1081194426.05
16:32:06 [ultranest] [DEBUG] iteration=2820, ncalls=4651, regioncalls=178320, ndraw=40, logz=-1087299737.61, remainder_fraction=100.0000%, Lmin=-1087299555.61, Lmax=-1081194426.05
16:32:06 [ultranest] [DEBUG] iteration=2850, ncalls=4707, regioncalls=180560, ndraw=40, logz=-1087042546.48, remainder_fraction=100.0000%, Lmin=-1087006956.12, Lmax=-1080935096.96
16:32:06 [ultranest] [DEBUG] iteration=2880, ncalls=4769, regioncalls=183160, ndraw=40, logz=-1086855020.93, remainder_fraction=100.0000%, Lmin=-1086846674.19, Lmax=-1080935096.96
16:32:06 [ultranest] [DEBUG] iteration=2881, ncalls=4770, regioncalls=183280, ndraw=40, logz=-1086846689.50, remainder_fraction=100.0000%, Lmin=-1086842173.02, Lmax=-1080935096.96
16:32:06 [ultranest] [DEBUG] iteration=2910, ncalls=4833, regioncalls=186240, ndraw=40, logz=-1086587585.47, remainder_fraction=100.0000%, Lmin=-1086580471.88, Lmax=-1080935096.96
16:32:06 [ultranest] [DEBUG] iteration=2940, ncalls=4882, regioncalls=188800, ndraw=40, logz=-1086381675.54, remainder_fraction=100.0000%, Lmin=-1086380327.35, Lmax=-1080935096.96
16:32:06 [ultranest] [DEBUG] iteration=2948, ncalls=4895, regioncalls=189400, ndraw=40, logz=-1086310227.31, remainder_fraction=100.0000%, Lmin=-1086294808.80, Lmax=-1080935096.96
16:32:06 [ultranest] [DEBUG] iteration=2970, ncalls=4933, regioncalls=190920, ndraw=40, logz=-1086137978.37, remainder_fraction=100.0000%, Lmin=-1086134477.02, Lmax=-1080935096.96
16:32:06 [ultranest] [DEBUG] iteration=3000, ncalls=4991, regioncalls=193400, ndraw=40, logz=-1085911379.53, remainder_fraction=100.0000%, Lmin=-1085901810.84, Lmax=-1080935096.96
16:32:06 [ultranest] [DEBUG] iteration=3015, ncalls=5038, regioncalls=195520, ndraw=40, logz=-1085804094.16, remainder_fraction=100.0000%, Lmin=-1085788085.93, Lmax=-1080935096.96
16:32:06 [ultranest] [DEBUG] iteration=3030, ncalls=5066, regioncalls=196640, ndraw=40, logz=-1085669730.58, remainder_fraction=100.0000%, Lmin=-1085669703.52, Lmax=-1080935096.96
16:32:06 [ultranest] [DEBUG] iteration=3060, ncalls=5118, regioncalls=198720, ndraw=40, logz=-1085496089.93, remainder_fraction=100.0000%, Lmin=-1085491118.38, Lmax=-1080935096.96
16:32:06 [ultranest] [DEBUG] iteration=3090, ncalls=5175, regioncalls=201120, ndraw=40, logz=-1085372616.51, remainder_fraction=100.0000%, Lmin=-1085366717.37, Lmax=-1080935096.96
16:32:06 [ultranest] [DEBUG] iteration=3120, ncalls=5238, regioncalls=203760, ndraw=40, logz=-1085148923.26, remainder_fraction=100.0000%, Lmin=-1085147403.07, Lmax=-1080935096.96
16:32:06 [ultranest] [DEBUG] iteration=3150, ncalls=5285, regioncalls=205920, ndraw=40, logz=-1084966172.54, remainder_fraction=100.0000%, Lmin=-1084954746.35, Lmax=-1080935096.96
16:32:06 [ultranest] [DEBUG] iteration=3180, ncalls=5349, regioncalls=208920, ndraw=40, logz=-1084810588.79, remainder_fraction=100.0000%, Lmin=-1084805296.49, Lmax=-1080935096.96
16:32:06 [ultranest] [DEBUG] iteration=3210, ncalls=5416, regioncalls=212000, ndraw=40, logz=-1084638531.46, remainder_fraction=100.0000%, Lmin=-1084629831.84, Lmax=-1080935096.96
16:32:06 [ultranest] [DEBUG] iteration=3216, ncalls=5430, regioncalls=212760, ndraw=40, logz=-1084618170.79, remainder_fraction=100.0000%, Lmin=-1084606540.62, Lmax=-1080935096.96
16:32:06 [ultranest] [DEBUG] iteration=3240, ncalls=5485, regioncalls=215000, ndraw=40, logz=-1084493699.97, remainder_fraction=100.0000%, Lmin=-1084486960.04, Lmax=-1080834345.03
16:32:06 [ultranest] [DEBUG] iteration=3270, ncalls=5538, regioncalls=217120, ndraw=40, logz=-1084348842.38, remainder_fraction=100.0000%, Lmin=-1084342218.70, Lmax=-1080834345.03
16:32:06 [ultranest] [DEBUG] iteration=3283, ncalls=5560, regioncalls=218160, ndraw=40, logz=-1084287837.80, remainder_fraction=100.0000%, Lmin=-1084281516.83, Lmax=-1080834345.03
16:32:07 [ultranest] [DEBUG] iteration=3300, ncalls=5598, regioncalls=219840, ndraw=40, logz=-1084241303.43, remainder_fraction=100.0000%, Lmin=-1084236599.63, Lmax=-1080535562.91
16:32:07 [ultranest] [DEBUG] iteration=3330, ncalls=5647, regioncalls=222240, ndraw=40, logz=-1084111432.98, remainder_fraction=100.0000%, Lmin=-1084110561.32, Lmax=-1080535562.91
16:32:07 [ultranest] [DEBUG] iteration=3350, ncalls=5697, regioncalls=224280, ndraw=40, logz=-1084029619.90, remainder_fraction=100.0000%, Lmin=-1084025084.77, Lmax=-1080535562.91
16:32:07 [ultranest] [DEBUG] iteration=3360, ncalls=5712, regioncalls=224880, ndraw=40, logz=-1084005953.84, remainder_fraction=100.0000%, Lmin=-1084002739.29, Lmax=-1080535562.91
16:32:07 [ultranest] [DEBUG] iteration=3390, ncalls=5770, regioncalls=227280, ndraw=40, logz=-1083853090.79, remainder_fraction=100.0000%, Lmin=-1083850978.40, Lmax=-1080535562.91
16:32:07 [ultranest] [DEBUG] iteration=3420, ncalls=5823, regioncalls=229560, ndraw=40, logz=-1083735943.08, remainder_fraction=100.0000%, Lmin=-1083726872.32, Lmax=-1080535562.91
16:32:07 [ultranest] [DEBUG] iteration=3450, ncalls=5873, regioncalls=231560, ndraw=40, logz=-1083603180.76, remainder_fraction=100.0000%, Lmin=-1083597833.73, Lmax=-1080535562.91
16:32:07 [ultranest] [DEBUG] iteration=3480, ncalls=5932, regioncalls=234080, ndraw=40, logz=-1083472366.87, remainder_fraction=100.0000%, Lmin=-1083468535.54, Lmax=-1080535562.91
16:32:07 [ultranest] [DEBUG] iteration=3510, ncalls=5999, regioncalls=237840, ndraw=40, logz=-1083315865.63, remainder_fraction=100.0000%, Lmin=-1083311987.80, Lmax=-1080535562.91
16:32:07 [ultranest] [DEBUG] iteration=3540, ncalls=6062, regioncalls=240960, ndraw=40, logz=-1083214785.54, remainder_fraction=100.0000%, Lmin=-1083212689.72, Lmax=-1080535562.91
16:32:07 [ultranest] [DEBUG] iteration=3570, ncalls=6127, regioncalls=243880, ndraw=40, logz=-1083115044.83, remainder_fraction=100.0000%, Lmin=-1083113158.63, Lmax=-1080240460.63
16:32:07 [ultranest] [DEBUG] iteration=3600, ncalls=6196, regioncalls=247120, ndraw=40, logz=-1083029363.95, remainder_fraction=100.0000%, Lmin=-1083024063.48, Lmax=-1080240460.63
16:32:07 [ultranest] [DEBUG] iteration=3618, ncalls=6226, regioncalls=249040, ndraw=40, logz=-1082992353.62, remainder_fraction=100.0000%, Lmin=-1082987163.46, Lmax=-1080240460.63
16:32:07 [ultranest] [DEBUG] iteration=3630, ncalls=6252, regioncalls=250120, ndraw=40, logz=-1082963790.01, remainder_fraction=100.0000%, Lmin=-1082959455.80, Lmax=-1080240460.63
16:32:07 [ultranest] [DEBUG] iteration=3660, ncalls=6308, regioncalls=253080, ndraw=40, logz=-1082878315.15, remainder_fraction=100.0000%, Lmin=-1082874582.67, Lmax=-1080240460.63
16:32:07 [ultranest] [DEBUG] iteration=3690, ncalls=6374, regioncalls=256080, ndraw=40, logz=-1082762932.46, remainder_fraction=100.0000%, Lmin=-1082762035.81, Lmax=-1080240460.63
16:32:07 [ultranest] [DEBUG] iteration=3720, ncalls=6448, regioncalls=259640, ndraw=40, logz=-1082693058.21, remainder_fraction=100.0000%, Lmin=-1082691553.05, Lmax=-1080240460.63
16:32:07 [ultranest] [DEBUG] iteration=3750, ncalls=6513, regioncalls=263200, ndraw=40, logz=-1082589740.68, remainder_fraction=100.0000%, Lmin=-1082586856.22, Lmax=-1080240460.63
16:32:07 [ultranest] [DEBUG] iteration=3780, ncalls=6605, regioncalls=268360, ndraw=40, logz=-1082507588.12, remainder_fraction=100.0000%, Lmin=-1082504632.73, Lmax=-1080240460.63
16:32:07 [ultranest] [DEBUG] iteration=3810, ncalls=6678, regioncalls=272440, ndraw=40, logz=-1082447591.85, remainder_fraction=100.0000%, Lmin=-1082446010.51, Lmax=-1080240460.63
16:32:07 [ultranest] [DEBUG] iteration=3840, ncalls=6762, regioncalls=278560, ndraw=40, logz=-1082374245.24, remainder_fraction=100.0000%, Lmin=-1082373416.38, Lmax=-1080066784.46
16:32:07 [ultranest] [DEBUG] iteration=3870, ncalls=6819, regioncalls=282680, ndraw=40, logz=-1082305340.16, remainder_fraction=100.0000%, Lmin=-1082298768.01, Lmax=-1080066784.46
16:32:07 [ultranest] [DEBUG] iteration=3886, ncalls=6870, regioncalls=286720, ndraw=40, logz=-1082252752.88, remainder_fraction=100.0000%, Lmin=-1082250711.93, Lmax=-1080066784.46
16:32:07 [ultranest] [DEBUG] iteration=3900, ncalls=6905, regioncalls=288240, ndraw=40, logz=-1082204181.77, remainder_fraction=100.0000%, Lmin=-1082202183.75, Lmax=-1080066784.46
16:32:08 [ultranest] [DEBUG] iteration=3930, ncalls=6961, regioncalls=290480, ndraw=40, logz=-1082136841.09, remainder_fraction=100.0000%, Lmin=-1082136410.95, Lmax=-1080066784.46
16:32:08 [ultranest] [DEBUG] iteration=3960, ncalls=7035, regioncalls=293440, ndraw=40, logz=-1082055506.27, remainder_fraction=100.0000%, Lmin=-1082055192.49, Lmax=-1080066784.46
16:32:08 [ultranest] [DEBUG] iteration=3990, ncalls=7099, regioncalls=296680, ndraw=40, logz=-1081995510.63, remainder_fraction=100.0000%, Lmin=-1081988573.63, Lmax=-1080066784.46
16:32:08 [ultranest] [DEBUG] iteration=4020, ncalls=7178, regioncalls=299880, ndraw=40, logz=-1081930264.71, remainder_fraction=100.0000%, Lmin=-1081929150.52, Lmax=-1080046319.44
16:32:08 [ultranest] [DEBUG] iteration=4050, ncalls=7246, regioncalls=303120, ndraw=40, logz=-1081853273.99, remainder_fraction=100.0000%, Lmin=-1081850339.82, Lmax=-1080046319.44
16:32:08 [ultranest] [DEBUG] iteration=4080, ncalls=7313, regioncalls=306000, ndraw=40, logz=-1081793729.51, remainder_fraction=100.0000%, Lmin=-1081792207.18, Lmax=-1080046319.44
16:32:08 [ultranest] [DEBUG] iteration=4087, ncalls=7337, regioncalls=307000, ndraw=40, logz=-1081780000.88, remainder_fraction=100.0000%, Lmin=-1081779891.57, Lmax=-1080046319.44
16:32:08 [ultranest] [DEBUG] iteration=4110, ncalls=7400, regioncalls=310320, ndraw=40, logz=-1081734808.16, remainder_fraction=100.0000%, Lmin=-1081734001.32, Lmax=-1080046319.44
16:32:08 [ultranest] [DEBUG] iteration=4140, ncalls=7471, regioncalls=314080, ndraw=40, logz=-1081689532.42, remainder_fraction=100.0000%, Lmin=-1081687934.56, Lmax=-1080046319.44
16:32:08 [ultranest] [DEBUG] iteration=4170, ncalls=7542, regioncalls=319080, ndraw=40, logz=-1081641851.01, remainder_fraction=100.0000%, Lmin=-1081640870.65, Lmax=-1080042029.08
16:32:08 [ultranest] [DEBUG] iteration=4200, ncalls=7611, regioncalls=323960, ndraw=40, logz=-1081571766.30, remainder_fraction=100.0000%, Lmin=-1081569841.21, Lmax=-1080042029.08
16:32:08 [ultranest] [DEBUG] iteration=4221, ncalls=7671, regioncalls=328400, ndraw=40, logz=-1081535967.18, remainder_fraction=100.0000%, Lmin=-1081534562.43, Lmax=-1080042029.08
16:32:08 [ultranest] [DEBUG] iteration=4230, ncalls=7691, regioncalls=330160, ndraw=40, logz=-1081517600.34, remainder_fraction=100.0000%, Lmin=-1081514009.67, Lmax=-1080042029.08
16:32:08 [ultranest] [DEBUG] iteration=4260, ncalls=7767, regioncalls=335240, ndraw=40, logz=-1081476296.92, remainder_fraction=100.0000%, Lmin=-1081475193.07, Lmax=-1080042029.08
16:32:08 [ultranest] [DEBUG] iteration=4290, ncalls=7830, regioncalls=340080, ndraw=40, logz=-1081414272.21, remainder_fraction=100.0000%, Lmin=-1081414000.03, Lmax=-1080042029.08
16:32:08 [ultranest] [DEBUG] iteration=4320, ncalls=7917, regioncalls=346040, ndraw=40, logz=-1081368430.60, remainder_fraction=100.0000%, Lmin=-1081367836.70, Lmax=-1080042029.08
16:32:08 [ultranest] [DEBUG] iteration=4350, ncalls=8010, regioncalls=353600, ndraw=40, logz=-1081317122.51, remainder_fraction=100.0000%, Lmin=-1081316977.76, Lmax=-1080042029.08
16:32:08 [ultranest] [DEBUG] iteration=4380, ncalls=8088, regioncalls=360000, ndraw=40, logz=-1081257862.93, remainder_fraction=100.0000%, Lmin=-1081252633.14, Lmax=-1080042029.08
16:32:08 [ultranest] [DEBUG] iteration=4410, ncalls=8183, regioncalls=368600, ndraw=40, logz=-1081196442.81, remainder_fraction=100.0000%, Lmin=-1081194768.71, Lmax=-1080042029.08
16:32:08 [ultranest] [DEBUG] iteration=4422, ncalls=8217, regioncalls=371280, ndraw=40, logz=-1081186591.36, remainder_fraction=100.0000%, Lmin=-1081186532.06, Lmax=-1080042029.08
16:32:08 [ultranest] [DEBUG] iteration=4440, ncalls=8256, regioncalls=374400, ndraw=40, logz=-1081162637.33, remainder_fraction=100.0000%, Lmin=-1081161305.52, Lmax=-1080042029.08
16:32:08 [ultranest] [DEBUG] iteration=4470, ncalls=8323, regioncalls=379840, ndraw=40, logz=-1081131171.41, remainder_fraction=100.0000%, Lmin=-1081131031.26, Lmax=-1080042029.08
16:32:08 [ultranest] [DEBUG] iteration=4489, ncalls=8360, regioncalls=383440, ndraw=40, logz=-1081107733.78, remainder_fraction=100.0000%, Lmin=-1081100676.98, Lmax=-1080042029.08
16:32:08 [ultranest] [DEBUG] iteration=4500, ncalls=8384, regioncalls=384920, ndraw=40, logz=-1081081125.91, remainder_fraction=100.0000%, Lmin=-1081078760.29, Lmax=-1080042029.08
16:32:09 [ultranest] [DEBUG] iteration=4530, ncalls=8465, regioncalls=391720, ndraw=40, logz=-1081048323.88, remainder_fraction=100.0000%, Lmin=-1081048302.43, Lmax=-1080042029.08
16:32:09 [ultranest] [DEBUG] iteration=4560, ncalls=8522, regioncalls=396160, ndraw=40, logz=-1081009839.93, remainder_fraction=100.0000%, Lmin=-1081008189.95, Lmax=-1080042029.08
16:32:09 [ultranest] [DEBUG] iteration=4590, ncalls=8599, regioncalls=402240, ndraw=40, logz=-1080966690.20, remainder_fraction=100.0000%, Lmin=-1080963384.61, Lmax=-1080042029.08
16:32:09 [ultranest] [DEBUG] iteration=4620, ncalls=8656, regioncalls=408000, ndraw=40, logz=-1080927692.48, remainder_fraction=100.0000%, Lmin=-1080926060.82, Lmax=-1080042029.08
16:32:09 [ultranest] [DEBUG] iteration=4623, ncalls=8660, regioncalls=408480, ndraw=40, logz=-1080923273.11, remainder_fraction=100.0000%, Lmin=-1080923151.68, Lmax=-1079860075.74
16:32:09 [ultranest] [DEBUG] iteration=4650, ncalls=8712, regioncalls=410800, ndraw=40, logz=-1080887651.14, remainder_fraction=100.0000%, Lmin=-1080885607.63, Lmax=-1079860075.74
16:32:09 [ultranest] [DEBUG] iteration=4680, ncalls=8776, regioncalls=413440, ndraw=40, logz=-1080854073.74, remainder_fraction=100.0000%, Lmin=-1080853135.24, Lmax=-1079758543.63
16:32:09 [ultranest] [DEBUG] iteration=4710, ncalls=8841, regioncalls=417320, ndraw=40, logz=-1080809045.59, remainder_fraction=100.0000%, Lmin=-1080808254.72, Lmax=-1079758543.63
16:32:09 [ultranest] [DEBUG] iteration=4740, ncalls=8908, regioncalls=421440, ndraw=40, logz=-1080771500.37, remainder_fraction=100.0000%, Lmin=-1080769281.15, Lmax=-1079758543.63
16:32:09 [ultranest] [DEBUG] iteration=4770, ncalls=8994, regioncalls=426800, ndraw=40, logz=-1080735033.03, remainder_fraction=100.0000%, Lmin=-1080734698.20, Lmax=-1079758543.63
16:32:09 [ultranest] [DEBUG] iteration=4800, ncalls=9060, regioncalls=430920, ndraw=40, logz=-1080699460.27, remainder_fraction=100.0000%, Lmin=-1080698496.87, Lmax=-1079758543.63
16:32:09 [ultranest] [DEBUG] iteration=4830, ncalls=9130, regioncalls=434960, ndraw=40, logz=-1080671745.93, remainder_fraction=100.0000%, Lmin=-1080671540.55, Lmax=-1079758543.63
16:32:09 [ultranest] [DEBUG] iteration=4860, ncalls=9199, regioncalls=440720, ndraw=40, logz=-1080640168.35, remainder_fraction=100.0000%, Lmin=-1080639237.42, Lmax=-1079745301.37
16:32:09 [ultranest] [DEBUG] iteration=4890, ncalls=9279, regioncalls=446800, ndraw=40, logz=-1080606080.32, remainder_fraction=100.0000%, Lmin=-1080605187.50, Lmax=-1079745301.37
16:32:09 [ultranest] [DEBUG] iteration=4891, ncalls=9282, regioncalls=447240, ndraw=40, logz=-1080605209.50, remainder_fraction=100.0000%, Lmin=-1080605015.03, Lmax=-1079745301.37
16:32:09 [ultranest] [DEBUG] iteration=4920, ncalls=9358, regioncalls=453800, ndraw=40, logz=-1080577451.73, remainder_fraction=100.0000%, Lmin=-1080575444.37, Lmax=-1079745301.37
16:32:09 [ultranest] [DEBUG] iteration=4950, ncalls=9453, regioncalls=460840, ndraw=40, logz=-1080542545.45, remainder_fraction=100.0000%, Lmin=-1080541965.24, Lmax=-1079745301.37
16:32:09 [ultranest] [DEBUG] iteration=4958, ncalls=9475, regioncalls=462160, ndraw=40, logz=-1080537949.07, remainder_fraction=100.0000%, Lmin=-1080537667.71, Lmax=-1079745301.37
16:32:09 [ultranest] [DEBUG] iteration=4980, ncalls=9517, regioncalls=464480, ndraw=40, logz=-1080522923.49, remainder_fraction=100.0000%, Lmin=-1080521847.10, Lmax=-1079722581.02
16:32:09 [ultranest] [DEBUG] iteration=5010, ncalls=9598, regioncalls=469080, ndraw=40, logz=-1080499872.94, remainder_fraction=100.0000%, Lmin=-1080498906.16, Lmax=-1079722581.02
16:32:09 [ultranest] [DEBUG] iteration=5025, ncalls=9637, regioncalls=470960, ndraw=40, logz=-1080483487.85, remainder_fraction=100.0000%, Lmin=-1080482594.76, Lmax=-1079722581.02
16:32:09 [ultranest] [DEBUG] iteration=5040, ncalls=9667, regioncalls=472480, ndraw=40, logz=-1080475217.29, remainder_fraction=100.0000%, Lmin=-1080475018.93, Lmax=-1079722581.02
16:32:09 [ultranest] [DEBUG] iteration=5070, ncalls=9734, regioncalls=475400, ndraw=40, logz=-1080445726.22, remainder_fraction=100.0000%, Lmin=-1080444904.51, Lmax=-1079722581.02
16:32:10 [ultranest] [DEBUG] iteration=5092, ncalls=9782, regioncalls=477480, ndraw=40, logz=-1080434875.61, remainder_fraction=100.0000%, Lmin=-1080434004.93, Lmax=-1079722581.02
16:32:10 [ultranest] [DEBUG] iteration=5100, ncalls=9799, regioncalls=478440, ndraw=40, logz=-1080430691.50, remainder_fraction=100.0000%, Lmin=-1080428378.87, Lmax=-1079722581.02
16:32:10 [ultranest] [DEBUG] iteration=5130, ncalls=9859, regioncalls=482560, ndraw=40, logz=-1080401162.12, remainder_fraction=100.0000%, Lmin=-1080399678.52, Lmax=-1079722581.02
16:32:10 [ultranest] [DEBUG] iteration=5160, ncalls=9922, regioncalls=487880, ndraw=40, logz=-1080376872.78, remainder_fraction=100.0000%, Lmin=-1080376230.59, Lmax=-1079722581.02
16:32:10 [ultranest] [DEBUG] iteration=5190, ncalls=9986, regioncalls=492360, ndraw=40, logz=-1080359019.93, remainder_fraction=100.0000%, Lmin=-1080358655.91, Lmax=-1079632604.47
16:32:10 [ultranest] [DEBUG] iteration=5220, ncalls=10035, regioncalls=496200, ndraw=40, logz=-1080327369.15, remainder_fraction=100.0000%, Lmin=-1080326380.09, Lmax=-1079632604.47
16:32:10 [ultranest] [DEBUG] iteration=5250, ncalls=10128, regioncalls=503080, ndraw=40, logz=-1080305751.22, remainder_fraction=100.0000%, Lmin=-1080305251.72, Lmax=-1079632604.47
16:32:10 [ultranest] [DEBUG] iteration=5280, ncalls=10188, regioncalls=507240, ndraw=40, logz=-1080287591.75, remainder_fraction=100.0000%, Lmin=-1080287567.52, Lmax=-1079632604.47
16:32:10 [ultranest] [DEBUG] iteration=5310, ncalls=10262, regioncalls=513240, ndraw=40, logz=-1080254435.32, remainder_fraction=100.0000%, Lmin=-1080253704.16, Lmax=-1079632604.47
16:32:10 [ultranest] [DEBUG] iteration=5340, ncalls=10337, regioncalls=520640, ndraw=40, logz=-1080238076.31, remainder_fraction=100.0000%, Lmin=-1080237480.19, Lmax=-1079632604.47
16:32:10 [ultranest] [DEBUG] iteration=5370, ncalls=10405, regioncalls=528040, ndraw=40, logz=-1080214199.79, remainder_fraction=100.0000%, Lmin=-1080214166.45, Lmax=-1079583831.14
16:32:10 [ultranest] [DEBUG] iteration=5400, ncalls=10499, regioncalls=538080, ndraw=40, logz=-1080194838.98, remainder_fraction=100.0000%, Lmin=-1080194792.81, Lmax=-1079494514.88
16:32:10 [ultranest] [DEBUG] iteration=5427, ncalls=10569, regioncalls=546720, ndraw=40, logz=-1080176253.17, remainder_fraction=100.0000%, Lmin=-1080176125.43, Lmax=-1079494514.88
16:32:10 [ultranest] [DEBUG] iteration=5430, ncalls=10575, regioncalls=547400, ndraw=40, logz=-1080174872.57, remainder_fraction=100.0000%, Lmin=-1080174839.30, Lmax=-1079494514.88
16:32:10 [ultranest] [DEBUG] iteration=5460, ncalls=10649, regioncalls=554920, ndraw=40, logz=-1080153440.01, remainder_fraction=100.0000%, Lmin=-1080153141.29, Lmax=-1079494514.88
16:32:10 [ultranest] [DEBUG] iteration=5490, ncalls=10730, regioncalls=563040, ndraw=40, logz=-1080132232.30, remainder_fraction=100.0000%, Lmin=-1080130349.25, Lmax=-1079494514.88
16:32:10 [ultranest] [DEBUG] clustering found some stray points [need_accept=False] (array([1, 2]), array([299,   1]))
16:32:10 [ultranest] [DEBUG] iteration=5520, ncalls=10823, regioncalls=575720, ndraw=40, logz=-1080114601.79, remainder_fraction=100.0000%, Lmin=-1080113729.05, Lmax=-1079494514.88
16:32:10 [ultranest] [DEBUG] iteration=5550, ncalls=10878, regioncalls=582880, ndraw=40, logz=-1080100233.37, remainder_fraction=100.0000%, Lmin=-1080099515.89, Lmax=-1079494514.88
16:32:10 [ultranest] [DEBUG] iteration=5561, ncalls=10911, regioncalls=587440, ndraw=40, logz=-1080093649.66, remainder_fraction=100.0000%, Lmin=-1080092386.50, Lmax=-1079494514.88
16:32:10 [ultranest] [DEBUG] iteration=5580, ncalls=10962, regioncalls=590880, ndraw=40, logz=-1080086596.23, remainder_fraction=100.0000%, Lmin=-1080085741.93, Lmax=-1079494514.88
16:32:11 [ultranest] [DEBUG] iteration=5610, ncalls=11036, regioncalls=596040, ndraw=40, logz=-1080070331.15, remainder_fraction=100.0000%, Lmin=-1080070139.96, Lmax=-1079494514.88
16:32:11 [ultranest] [DEBUG] iteration=5640, ncalls=11124, regioncalls=602000, ndraw=40, logz=-1080057297.18, remainder_fraction=100.0000%, Lmin=-1080056655.09, Lmax=-1079494514.88
16:32:11 [ultranest] [DEBUG] iteration=5670, ncalls=11214, regioncalls=607440, ndraw=40, logz=-1080043640.63, remainder_fraction=100.0000%, Lmin=-1080043485.47, Lmax=-1079494514.88
16:32:11 [ultranest] [DEBUG] iteration=5695, ncalls=11265, regioncalls=611040, ndraw=40, logz=-1080031094.41, remainder_fraction=100.0000%, Lmin=-1080030716.24, Lmax=-1079494514.88
16:32:11 [ultranest] [DEBUG] iteration=5700, ncalls=11271, regioncalls=611280, ndraw=40, logz=-1080026790.32, remainder_fraction=100.0000%, Lmin=-1080025747.90, Lmax=-1079494514.88
16:32:11 [ultranest] [DEBUG] iteration=5730, ncalls=11348, regioncalls=615360, ndraw=40, logz=-1080014148.57, remainder_fraction=100.0000%, Lmin=-1080013745.42, Lmax=-1079494514.88
16:32:11 [ultranest] [DEBUG] iteration=5760, ncalls=11424, regioncalls=620280, ndraw=40, logz=-1079997663.31, remainder_fraction=100.0000%, Lmin=-1079997125.83, Lmax=-1079494514.88
16:32:11 [ultranest] [DEBUG] iteration=5762, ncalls=11429, regioncalls=620640, ndraw=40, logz=-1079996493.77, remainder_fraction=100.0000%, Lmin=-1079996011.46, Lmax=-1079494514.88
16:32:11 [ultranest] [DEBUG] iteration=5790, ncalls=11497, regioncalls=625000, ndraw=40, logz=-1079980293.12, remainder_fraction=100.0000%, Lmin=-1079978814.57, Lmax=-1079494514.88
16:32:11 [ultranest] [DEBUG] iteration=5820, ncalls=11566, regioncalls=629080, ndraw=40, logz=-1079966564.09, remainder_fraction=100.0000%, Lmin=-1079966013.83, Lmax=-1079494514.88
16:32:11 [ultranest] [DEBUG] iteration=5829, ncalls=11584, regioncalls=629920, ndraw=40, logz=-1079962996.11, remainder_fraction=100.0000%, Lmin=-1079962812.09, Lmax=-1079494514.88
16:32:11 [ultranest] [DEBUG] iteration=5850, ncalls=11644, regioncalls=633120, ndraw=40, logz=-1079954703.52, remainder_fraction=100.0000%, Lmin=-1079954655.01, Lmax=-1079494514.88
16:32:11 [ultranest] [DEBUG] iteration=5880, ncalls=11711, regioncalls=636480, ndraw=40, logz=-1079945911.05, remainder_fraction=100.0000%, Lmin=-1079944926.11, Lmax=-1079494514.88
16:32:11 [ultranest] [DEBUG] iteration=5896, ncalls=11746, regioncalls=638840, ndraw=40, logz=-1079937980.25, remainder_fraction=100.0000%, Lmin=-1079937641.48, Lmax=-1079494514.88
16:32:11 [ultranest] [DEBUG] iteration=5910, ncalls=11771, regioncalls=640320, ndraw=40, logz=-1079932277.97, remainder_fraction=100.0000%, Lmin=-1079932224.74, Lmax=-1079494514.88
16:32:11 [ultranest] [DEBUG] iteration=5940, ncalls=11839, regioncalls=647840, ndraw=40, logz=-1079921098.06, remainder_fraction=100.0000%, Lmin=-1079920714.61, Lmax=-1079494514.88
16:32:11 [ultranest] [DEBUG] clustering found some stray points [need_accept=False] (array([1, 2]), array([299,   1]))
16:32:11 [ultranest] [DEBUG] iteration=5970, ncalls=11890, regioncalls=655040, ndraw=40, logz=-1079909040.72, remainder_fraction=100.0000%, Lmin=-1079908653.29, Lmax=-1079494514.88
16:32:11 [ultranest] [DEBUG] iteration=6000, ncalls=11956, regioncalls=663040, ndraw=40, logz=-1079899094.57, remainder_fraction=100.0000%, Lmin=-1079898940.36, Lmax=-1079494514.88
16:32:11 [ultranest] [DEBUG] clustering found some stray points [need_accept=False] (array([1, 2]), array([299,   1]))
16:32:11 [ultranest] [DEBUG] iteration=6030, ncalls=12029, regioncalls=672960, ndraw=40, logz=-1079886104.85, remainder_fraction=100.0000%, Lmin=-1079885679.95, Lmax=-1079494514.88
16:32:11 [ultranest] [DEBUG] iteration=6060, ncalls=12097, regioncalls=683080, ndraw=40, logz=-1079875051.58, remainder_fraction=100.0000%, Lmin=-1079873337.09, Lmax=-1079494514.88
16:32:11 [ultranest] [DEBUG] iteration=6090, ncalls=12174, regioncalls=695000, ndraw=40, logz=-1079862914.37, remainder_fraction=100.0000%, Lmin=-1079861696.99, Lmax=-1079494514.88
16:32:11 [ultranest] [DEBUG] iteration=6120, ncalls=12235, regioncalls=705400, ndraw=40, logz=-1079849328.92, remainder_fraction=100.0000%, Lmin=-1079849212.53, Lmax=-1079494514.88
16:32:12 [ultranest] [DEBUG] iteration=6150, ncalls=12324, regioncalls=725040, ndraw=40, logz=-1079838333.05, remainder_fraction=100.0000%, Lmin=-1079838090.03, Lmax=-1079494514.88
16:32:12 [ultranest] [DEBUG] iteration=6164, ncalls=12372, regioncalls=733120, ndraw=40, logz=-1079834034.20, remainder_fraction=100.0000%, Lmin=-1079833934.16, Lmax=-1079494514.88
16:32:12 [ultranest] [DEBUG] iteration=6180, ncalls=12409, regioncalls=737720, ndraw=40, logz=-1079829319.70, remainder_fraction=100.0000%, Lmin=-1079829020.14, Lmax=-1079494514.88
16:32:12 [ultranest] [DEBUG] iteration=6210, ncalls=12472, regioncalls=746400, ndraw=40, logz=-1079813934.42, remainder_fraction=100.0000%, Lmin=-1079813394.53, Lmax=-1079494514.88
16:32:12 [ultranest] [DEBUG] iteration=6231, ncalls=12502, regioncalls=750440, ndraw=40, logz=-1079805087.52, remainder_fraction=100.0000%, Lmin=-1079804507.90, Lmax=-1079494514.88
16:32:12 [ultranest] [DEBUG] iteration=6240, ncalls=12524, regioncalls=752760, ndraw=40, logz=-1079801302.70, remainder_fraction=100.0000%, Lmin=-1079800356.20, Lmax=-1079494514.88
16:32:12 [ultranest] [DEBUG] iteration=6270, ncalls=12586, regioncalls=760000, ndraw=40, logz=-1079793631.61, remainder_fraction=100.0000%, Lmin=-1079793135.14, Lmax=-1079494514.88
16:32:12 [ultranest] [DEBUG] iteration=6300, ncalls=12644, regioncalls=766080, ndraw=40, logz=-1079782257.70, remainder_fraction=100.0000%, Lmin=-1079782069.66, Lmax=-1079494514.88
16:32:12 [ultranest] [DEBUG] iteration=6330, ncalls=12709, regioncalls=773120, ndraw=40, logz=-1079771886.20, remainder_fraction=100.0000%, Lmin=-1079771236.79, Lmax=-1079494514.88
16:32:12 [ultranest] [DEBUG] iteration=6360, ncalls=12761, regioncalls=780800, ndraw=40, logz=-1079763043.97, remainder_fraction=100.0000%, Lmin=-1079762387.78, Lmax=-1079494514.88
16:32:12 [ultranest] [DEBUG] iteration=6365, ncalls=12771, regioncalls=781720, ndraw=40, logz=-1079761501.90, remainder_fraction=100.0000%, Lmin=-1079760749.66, Lmax=-1079494514.88
16:32:12 [ultranest] [DEBUG] iteration=6390, ncalls=12813, regioncalls=789040, ndraw=40, logz=-1079753030.51, remainder_fraction=100.0000%, Lmin=-1079752817.67, Lmax=-1079494514.88
16:32:12 [ultranest] [DEBUG] iteration=6420, ncalls=12875, regioncalls=797680, ndraw=40, logz=-1079744375.39, remainder_fraction=100.0000%, Lmin=-1079744283.29, Lmax=-1079494514.88
16:32:12 [ultranest] [DEBUG] iteration=6450, ncalls=12948, regioncalls=807320, ndraw=40, logz=-1079735085.70, remainder_fraction=100.0000%, Lmin=-1079734613.58, Lmax=-1079487503.23
16:32:12 [ultranest] [DEBUG] iteration=6480, ncalls=13012, regioncalls=820360, ndraw=40, logz=-1079726038.43, remainder_fraction=100.0000%, Lmin=-1079725598.28, Lmax=-1079451889.73
16:32:12 [ultranest] [DEBUG] iteration=6510, ncalls=13066, regioncalls=829880, ndraw=40, logz=-1079716642.68, remainder_fraction=100.0000%, Lmin=-1079716366.90, Lmax=-1079413769.34
16:32:12 [ultranest] [DEBUG] iteration=6540, ncalls=13138, regioncalls=841760, ndraw=40, logz=-1079710891.34, remainder_fraction=100.0000%, Lmin=-1079710449.79, Lmax=-1079413769.34
16:32:12 [ultranest] [DEBUG] iteration=6570, ncalls=13193, regioncalls=852640, ndraw=40, logz=-1079701715.24, remainder_fraction=100.0000%, Lmin=-1079701643.70, Lmax=-1079413769.34
16:32:13 [ultranest] [DEBUG] iteration=6600, ncalls=13260, regioncalls=866800, ndraw=40, logz=-1079693000.84, remainder_fraction=100.0000%, Lmin=-1079692658.67, Lmax=-1079413769.34
16:32:13 [ultranest] [DEBUG] iteration=6630, ncalls=13320, regioncalls=877120, ndraw=40, logz=-1079684809.17, remainder_fraction=100.0000%, Lmin=-1079684670.78, Lmax=-1079413769.34
16:32:13 [ultranest] [DEBUG] iteration=6660, ncalls=13386, regioncalls=895280, ndraw=40, logz=-1079675951.65, remainder_fraction=100.0000%, Lmin=-1079675859.13, Lmax=-1079413769.34
16:32:13 [ultranest] [DEBUG] iteration=6690, ncalls=13455, regioncalls=910160, ndraw=40, logz=-1079668273.21, remainder_fraction=100.0000%, Lmin=-1079667941.94, Lmax=-1079404218.25
16:32:13 [ultranest] [DEBUG] iteration=6717, ncalls=13531, regioncalls=933720, ndraw=40, logz=-1079661971.45, remainder_fraction=100.0000%, Lmin=-1079661486.25, Lmax=-1079376764.74
16:32:13 [ultranest] [DEBUG] iteration=6720, ncalls=13539, regioncalls=935120, ndraw=40, logz=-1079661044.68, remainder_fraction=100.0000%, Lmin=-1079660507.73, Lmax=-1079376764.74
16:32:13 [ultranest] [DEBUG] iteration=6750, ncalls=13607, regioncalls=952920, ndraw=40, logz=-1079651165.71, remainder_fraction=100.0000%, Lmin=-1079650667.27, Lmax=-1079376764.74
16:32:13 [ultranest] [DEBUG] iteration=6767, ncalls=13656, regioncalls=967800, ndraw=40, logz=-1079648036.06, remainder_fraction=100.0000%, Lmin=-1079647979.33, Lmax=-1079376764.74
16:32:13 [ultranest] [DEBUG] iteration=6780, ncalls=13690, regioncalls=972960, ndraw=40, logz=-1079645945.34, remainder_fraction=100.0000%, Lmin=-1079645768.40, Lmax=-1079376764.74
16:32:13 [ultranest] [DEBUG] iteration=6810, ncalls=13758, regioncalls=986040, ndraw=40, logz=-1079640101.45, remainder_fraction=100.0000%, Lmin=-1079639641.84, Lmax=-1079376764.74
16:32:13 [ultranest] [DEBUG] iteration=6834, ncalls=13810, regioncalls=998440, ndraw=40, logz=-1079634768.40, remainder_fraction=100.0000%, Lmin=-1079634264.54, Lmax=-1079376764.74
16:32:13 [ultranest] [DEBUG] iteration=6840, ncalls=13822, regioncalls=1001000, ndraw=40, logz=-1079633199.94, remainder_fraction=100.0000%, Lmin=-1079633080.72, Lmax=-1079376764.74
16:32:13 [ultranest] [DEBUG] iteration=6870, ncalls=13889, regioncalls=1010080, ndraw=40, logz=-1079628789.30, remainder_fraction=100.0000%, Lmin=-1079628520.45, Lmax=-1079376764.74
16:32:13 [ultranest] [DEBUG] iteration=6900, ncalls=13967, regioncalls=1023960, ndraw=40, logz=-1079623044.58, remainder_fraction=100.0000%, Lmin=-1079622768.45, Lmax=-1079376764.74
16:32:13 [ultranest] [DEBUG] iteration=6901, ncalls=13971, regioncalls=1024240, ndraw=40, logz=-1079622797.16, remainder_fraction=100.0000%, Lmin=-1079622720.51, Lmax=-1079376764.74
16:32:13 [ultranest] [DEBUG] iteration=6930, ncalls=14030, regioncalls=1033160, ndraw=40, logz=-1079616453.40, remainder_fraction=100.0000%, Lmin=-1079616422.41, Lmax=-1079372711.89
16:32:13 [ultranest] [DEBUG] iteration=6960, ncalls=14095, regioncalls=1040480, ndraw=40, logz=-1079611036.72, remainder_fraction=100.0000%, Lmin=-1079611003.21, Lmax=-1079372711.89
16:32:14 [ultranest] [DEBUG] iteration=6990, ncalls=14156, regioncalls=1047960, ndraw=40, logz=-1079604917.69, remainder_fraction=100.0000%, Lmin=-1079604875.75, Lmax=-1079372711.89
16:32:14 [ultranest] [DEBUG] iteration=7020, ncalls=14213, regioncalls=1056320, ndraw=40, logz=-1079596730.51, remainder_fraction=100.0000%, Lmin=-1079596596.16, Lmax=-1079372711.89
16:32:14 [ultranest] [DEBUG] iteration=7050, ncalls=14282, regioncalls=1069080, ndraw=40, logz=-1079591233.24, remainder_fraction=100.0000%, Lmin=-1079591093.85, Lmax=-1079372711.89
16:32:14 [ultranest] [DEBUG] iteration=7080, ncalls=14364, regioncalls=1080040, ndraw=40, logz=-1079584108.59, remainder_fraction=100.0000%, Lmin=-1079583882.95, Lmax=-1079372711.89
16:32:14 [ultranest] [DEBUG] iteration=7110, ncalls=14434, regioncalls=1093760, ndraw=40, logz=-1079577723.73, remainder_fraction=100.0000%, Lmin=-1079577314.58, Lmax=-1079372711.89
16:32:14 [ultranest] [DEBUG] iteration=7140, ncalls=14489, regioncalls=1104520, ndraw=40, logz=-1079573143.18, remainder_fraction=100.0000%, Lmin=-1079572952.77, Lmax=-1079372711.89
16:32:14 [ultranest] [DEBUG] iteration=7166, ncalls=14559, regioncalls=1120480, ndraw=40, logz=-1079568492.38, remainder_fraction=100.0000%, Lmin=-1079568429.43, Lmax=-1079372711.89
16:32:14 [ultranest] [DEBUG] iteration=7169, ncalls=14565, regioncalls=1121360, ndraw=40, logz=-1079568292.34, remainder_fraction=100.0000%, Lmin=-1079567735.43, Lmax=-1079372711.89
16:32:14 [ultranest] [DEBUG] iteration=7170, ncalls=14568, regioncalls=1121720, ndraw=40, logz=-1079567765.03, remainder_fraction=100.0000%, Lmin=-1079567561.42, Lmax=-1079372711.89
16:32:14 [ultranest] [DEBUG] iteration=7200, ncalls=14633, regioncalls=1133120, ndraw=40, logz=-1079563666.23, remainder_fraction=100.0000%, Lmin=-1079563613.54, Lmax=-1079372711.89
16:32:14 [ultranest] [DEBUG] iteration=7230, ncalls=14716, regioncalls=1146040, ndraw=40, logz=-1079557559.48, remainder_fraction=100.0000%, Lmin=-1079557347.69, Lmax=-1079372711.89
16:32:14 [ultranest] [DEBUG] iteration=7260, ncalls=14793, regioncalls=1161200, ndraw=40, logz=-1079552545.89, remainder_fraction=100.0000%, Lmin=-1079552361.36, Lmax=-1079372711.89
16:32:14 [ultranest] [DEBUG] iteration=7290, ncalls=14883, regioncalls=1179920, ndraw=40, logz=-1079547615.82, remainder_fraction=100.0000%, Lmin=-1079547426.70, Lmax=-1079372711.89
16:32:14 [ultranest] [DEBUG] iteration=7303, ncalls=14933, regioncalls=1189640, ndraw=40, logz=-1079545868.22, remainder_fraction=100.0000%, Lmin=-1079545770.33, Lmax=-1079372711.89
16:32:14 [ultranest] [DEBUG] iteration=7320, ncalls=14965, regioncalls=1193160, ndraw=40, logz=-1079542620.74, remainder_fraction=100.0000%, Lmin=-1079542431.62, Lmax=-1079372711.89
16:32:14 [ultranest] [DEBUG] iteration=7350, ncalls=15022, regioncalls=1200280, ndraw=40, logz=-1079539143.49, remainder_fraction=100.0000%, Lmin=-1079538717.77, Lmax=-1079372711.89
16:32:15 [ultranest] [DEBUG] iteration=7380, ncalls=15082, regioncalls=1211640, ndraw=40, logz=-1079533079.81, remainder_fraction=100.0000%, Lmin=-1079532887.73, Lmax=-1079372711.89
16:32:15 [ultranest] [DEBUG] iteration=7410, ncalls=15151, regioncalls=1224000, ndraw=40, logz=-1079529215.83, remainder_fraction=100.0000%, Lmin=-1079529005.57, Lmax=-1079332892.06
16:32:15 [ultranest] [DEBUG] iteration=7437, ncalls=15217, regioncalls=1235200, ndraw=40, logz=-1079524291.25, remainder_fraction=100.0000%, Lmin=-1079523513.67, Lmax=-1079332892.06
16:32:15 [ultranest] [DEBUG] iteration=7440, ncalls=15221, regioncalls=1235440, ndraw=40, logz=-1079523367.12, remainder_fraction=100.0000%, Lmin=-1079523135.25, Lmax=-1079332892.06
16:32:15 [ultranest] [DEBUG] iteration=7470, ncalls=15297, regioncalls=1245000, ndraw=40, logz=-1079518904.39, remainder_fraction=100.0000%, Lmin=-1079518568.56, Lmax=-1079332892.06
16:32:15 [ultranest] [DEBUG] iteration=7500, ncalls=15359, regioncalls=1255800, ndraw=40, logz=-1079511710.46, remainder_fraction=100.0000%, Lmin=-1079511396.54, Lmax=-1079332892.06
16:32:15 [ultranest] [DEBUG] iteration=7530, ncalls=15432, regioncalls=1266720, ndraw=40, logz=-1079507707.11, remainder_fraction=100.0000%, Lmin=-1079507651.59, Lmax=-1079332892.06
16:32:15 [ultranest] [DEBUG] iteration=7560, ncalls=15497, regioncalls=1278280, ndraw=40, logz=-1079503381.99, remainder_fraction=100.0000%, Lmin=-1079503163.41, Lmax=-1079332892.06
16:32:15 [ultranest] [DEBUG] iteration=7590, ncalls=15567, regioncalls=1292640, ndraw=40, logz=-1079498191.11, remainder_fraction=100.0000%, Lmin=-1079497778.37, Lmax=-1079332892.06
16:32:15 [ultranest] [DEBUG] iteration=7620, ncalls=15649, regioncalls=1309320, ndraw=40, logz=-1079493733.96, remainder_fraction=100.0000%, Lmin=-1079493531.33, Lmax=-1079332892.06
16:32:15 [ultranest] [DEBUG] iteration=7638, ncalls=15684, regioncalls=1316880, ndraw=40, logz=-1079491677.03, remainder_fraction=100.0000%, Lmin=-1079491463.24, Lmax=-1079332892.06
16:32:15 [ultranest] [DEBUG] iteration=7650, ncalls=15720, regioncalls=1321880, ndraw=40, logz=-1079488969.30, remainder_fraction=100.0000%, Lmin=-1079488867.82, Lmax=-1079332892.06
16:32:15 [ultranest] [DEBUG] iteration=7680, ncalls=15784, regioncalls=1334400, ndraw=40, logz=-1079484526.04, remainder_fraction=100.0000%, Lmin=-1079484216.04, Lmax=-1079332892.06
16:32:15 [ultranest] [DEBUG] iteration=7705, ncalls=15846, regioncalls=1346240, ndraw=40, logz=-1079479819.20, remainder_fraction=100.0000%, Lmin=-1079479714.99, Lmax=-1079332892.06
16:32:15 [ultranest] [DEBUG] iteration=7710, ncalls=15858, regioncalls=1348560, ndraw=40, logz=-1079479050.02, remainder_fraction=100.0000%, Lmin=-1079478869.74, Lmax=-1079332892.06
16:32:15 [ultranest] [DEBUG] iteration=7740, ncalls=15944, regioncalls=1367520, ndraw=40, logz=-1079475854.62, remainder_fraction=100.0000%, Lmin=-1079475805.06, Lmax=-1079332892.06
16:32:15 [ultranest] [DEBUG] iteration=7770, ncalls=16021, regioncalls=1383640, ndraw=40, logz=-1079472496.68, remainder_fraction=100.0000%, Lmin=-1079472167.87, Lmax=-1079332892.06
16:32:16 [ultranest] [DEBUG] iteration=7772, ncalls=16029, regioncalls=1387760, ndraw=40, logz=-1079472020.98, remainder_fraction=100.0000%, Lmin=-1079471964.23, Lmax=-1079332892.06
16:32:16 [ultranest] [DEBUG] iteration=7800, ncalls=16087, regioncalls=1399680, ndraw=40, logz=-1079468223.70, remainder_fraction=100.0000%, Lmin=-1079468176.68, Lmax=-1079332892.06
16:32:16 [ultranest] [DEBUG] iteration=7830, ncalls=16148, regioncalls=1412120, ndraw=40, logz=-1079464740.79, remainder_fraction=100.0000%, Lmin=-1079464469.04, Lmax=-1079332286.45
16:32:16 [ultranest] [DEBUG] iteration=7839, ncalls=16172, regioncalls=1416800, ndraw=40, logz=-1079463638.51, remainder_fraction=100.0000%, Lmin=-1079462594.90, Lmax=-1079332286.45
16:32:16 [ultranest] [DEBUG] iteration=7860, ncalls=16213, regioncalls=1425720, ndraw=40, logz=-1079460754.96, remainder_fraction=100.0000%, Lmin=-1079460677.25, Lmax=-1079332286.45
16:32:16 [ultranest] [DEBUG] iteration=7890, ncalls=16280, regioncalls=1441320, ndraw=40, logz=-1079456106.76, remainder_fraction=100.0000%, Lmin=-1079455755.21, Lmax=-1079332286.45
16:32:16 [ultranest] [DEBUG] iteration=7906, ncalls=16328, regioncalls=1451600, ndraw=40, logz=-1079454321.90, remainder_fraction=100.0000%, Lmin=-1079454060.95, Lmax=-1079332286.45
16:32:16 [ultranest] [DEBUG] iteration=7920, ncalls=16352, regioncalls=1456600, ndraw=40, logz=-1079452831.15, remainder_fraction=100.0000%, Lmin=-1079452698.85, Lmax=-1079332286.45
16:32:16 [ultranest] [DEBUG] iteration=7950, ncalls=16455, regioncalls=1480400, ndraw=40, logz=-1079449407.75, remainder_fraction=100.0000%, Lmin=-1079449263.70, Lmax=-1079332286.45
16:32:16 [ultranest] [DEBUG] iteration=7973, ncalls=16524, regioncalls=1491280, ndraw=40, logz=-1079445723.15, remainder_fraction=100.0000%, Lmin=-1079445663.85, Lmax=-1079332286.45
16:32:16 [ultranest] [DEBUG] iteration=7980, ncalls=16537, regioncalls=1492720, ndraw=40, logz=-1079445000.04, remainder_fraction=100.0000%, Lmin=-1079444916.51, Lmax=-1079332286.45
16:32:16 [ultranest] [DEBUG] iteration=8010, ncalls=16614, regioncalls=1506440, ndraw=40, logz=-1079440151.71, remainder_fraction=100.0000%, Lmin=-1079440113.13, Lmax=-1079332286.45
16:32:16 [ultranest] [DEBUG] iteration=8040, ncalls=16700, regioncalls=1524080, ndraw=40, logz=-1079436283.58, remainder_fraction=100.0000%, Lmin=-1079436070.33, Lmax=-1079332286.45
16:32:16 [ultranest] [DEBUG] iteration=8070, ncalls=16766, regioncalls=1544320, ndraw=40, logz=-1079432535.97, remainder_fraction=100.0000%, Lmin=-1079432011.69, Lmax=-1079332286.45
16:32:16 [ultranest] [DEBUG] iteration=8100, ncalls=16862, regioncalls=1568120, ndraw=40, logz=-1079428792.24, remainder_fraction=100.0000%, Lmin=-1079428680.65, Lmax=-1079322879.39
16:32:16 [ultranest] [DEBUG] iteration=8107, ncalls=16874, regioncalls=1571120, ndraw=40, logz=-1079428056.63, remainder_fraction=100.0000%, Lmin=-1079427655.15, Lmax=-1079322879.39
16:32:16 [ultranest] [DEBUG] iteration=8130, ncalls=16925, regioncalls=1581600, ndraw=40, logz=-1079425747.56, remainder_fraction=100.0000%, Lmin=-1079425565.02, Lmax=-1079322879.39
16:32:17 [ultranest] [DEBUG] iteration=8160, ncalls=16991, regioncalls=1593400, ndraw=40, logz=-1079421809.58, remainder_fraction=100.0000%, Lmin=-1079421766.41, Lmax=-1079322879.39
16:32:17 [ultranest] [DEBUG] iteration=8174, ncalls=17023, regioncalls=1600680, ndraw=40, logz=-1079420364.70, remainder_fraction=100.0000%, Lmin=-1079420028.91, Lmax=-1079322879.39
16:32:17 [ultranest] [DEBUG] iteration=8190, ncalls=17056, regioncalls=1606280, ndraw=40, logz=-1079418545.63, remainder_fraction=100.0000%, Lmin=-1079418424.15, Lmax=-1079322879.39
16:32:17 [ultranest] [DEBUG] iteration=8220, ncalls=17107, regioncalls=1612600, ndraw=40, logz=-1079414059.59, remainder_fraction=100.0000%, Lmin=-1079413769.34, Lmax=-1079322879.39
16:32:17 [ultranest] [DEBUG] iteration=8250, ncalls=17180, regioncalls=1624120, ndraw=40, logz=-1079411537.19, remainder_fraction=100.0000%, Lmin=-1079411385.75, Lmax=-1079322879.39
16:32:17 [ultranest] [DEBUG] iteration=8280, ncalls=17239, regioncalls=1635560, ndraw=40, logz=-1079408468.06, remainder_fraction=100.0000%, Lmin=-1079408357.40, Lmax=-1079315470.01
16:32:17 [ultranest] [DEBUG] iteration=8310, ncalls=17319, regioncalls=1648840, ndraw=40, logz=-1079405152.18, remainder_fraction=100.0000%, Lmin=-1079405098.82, Lmax=-1079315470.01
16:32:17 [ultranest] [DEBUG] iteration=8340, ncalls=17390, regioncalls=1660800, ndraw=40, logz=-1079402041.35, remainder_fraction=100.0000%, Lmin=-1079401856.60, Lmax=-1079315470.01
16:32:17 [ultranest] [DEBUG] iteration=8370, ncalls=17453, regioncalls=1675120, ndraw=40, logz=-1079399417.03, remainder_fraction=100.0000%, Lmin=-1079399341.66, Lmax=-1079294187.69
16:32:17 [ultranest] [DEBUG] iteration=8375, ncalls=17462, regioncalls=1677200, ndraw=40, logz=-1079398459.56, remainder_fraction=100.0000%, Lmin=-1079398377.82, Lmax=-1079294187.69
16:32:17 [ultranest] [DEBUG] iteration=8400, ncalls=17510, regioncalls=1684160, ndraw=40, logz=-1079396678.49, remainder_fraction=100.0000%, Lmin=-1079396529.81, Lmax=-1079294187.69
16:32:17 [ultranest] [DEBUG] iteration=8430, ncalls=17560, regioncalls=1690760, ndraw=40, logz=-1079394344.61, remainder_fraction=100.0000%, Lmin=-1079394280.56, Lmax=-1079294187.69
16:32:17 [ultranest] [DEBUG] iteration=8460, ncalls=17634, regioncalls=1703760, ndraw=40, logz=-1079392224.03, remainder_fraction=100.0000%, Lmin=-1079392150.01, Lmax=-1079294187.69
16:32:17 [ultranest] [DEBUG] iteration=8490, ncalls=17706, regioncalls=1717400, ndraw=40, logz=-1079389784.19, remainder_fraction=100.0000%, Lmin=-1079389737.83, Lmax=-1079294187.69
16:32:17 [ultranest] [DEBUG] iteration=8509, ncalls=17758, regioncalls=1727120, ndraw=40, logz=-1079388549.53, remainder_fraction=100.0000%, Lmin=-1079388484.82, Lmax=-1079294187.69
16:32:17 [ultranest] [DEBUG] iteration=8520, ncalls=17778, regioncalls=1730920, ndraw=40, logz=-1079387547.93, remainder_fraction=100.0000%, Lmin=-1079387352.62, Lmax=-1079294187.69
16:32:17 [ultranest] [DEBUG] iteration=8550, ncalls=17849, regioncalls=1741600, ndraw=40, logz=-1079383755.90, remainder_fraction=100.0000%, Lmin=-1079383555.40, Lmax=-1079294187.69
16:32:17 [ultranest] [DEBUG] iteration=8580, ncalls=17925, regioncalls=1755440, ndraw=40, logz=-1079381113.24, remainder_fraction=100.0000%, Lmin=-1079380993.70, Lmax=-1079294187.69
16:32:18 [ultranest] [DEBUG] iteration=8610, ncalls=17994, regioncalls=1766400, ndraw=40, logz=-1079379778.06, remainder_fraction=100.0000%, Lmin=-1079379740.25, Lmax=-1079292749.73
16:32:18 [ultranest] [DEBUG] iteration=8640, ncalls=18056, regioncalls=1776640, ndraw=40, logz=-1079377118.83, remainder_fraction=100.0000%, Lmin=-1079377062.50, Lmax=-1079292749.73
16:32:18 [ultranest] [DEBUG] iteration=8670, ncalls=18125, regioncalls=1789880, ndraw=40, logz=-1079375085.47, remainder_fraction=100.0000%, Lmin=-1079375016.28, Lmax=-1079292749.73
16:32:18 [ultranest] [DEBUG] iteration=8700, ncalls=18192, regioncalls=1804880, ndraw=40, logz=-1079372746.59, remainder_fraction=100.0000%, Lmin=-1079372538.03, Lmax=-1079292749.73
16:32:18 [ultranest] [DEBUG] iteration=8710, ncalls=18208, regioncalls=1807280, ndraw=40, logz=-1079371707.86, remainder_fraction=100.0000%, Lmin=-1079371631.30, Lmax=-1079292749.73
16:32:18 [ultranest] [DEBUG] iteration=8730, ncalls=18244, regioncalls=1812360, ndraw=40, logz=-1079370024.37, remainder_fraction=100.0000%, Lmin=-1079369807.75, Lmax=-1079292749.73
16:32:18 [ultranest] [DEBUG] iteration=8760, ncalls=18317, regioncalls=1823040, ndraw=40, logz=-1079367278.63, remainder_fraction=100.0000%, Lmin=-1079367083.38, Lmax=-1079292749.73
16:32:18 [ultranest] [DEBUG] iteration=8777, ncalls=18366, regioncalls=1831520, ndraw=40, logz=-1079366326.25, remainder_fraction=100.0000%, Lmin=-1079366287.09, Lmax=-1079292749.73
16:32:18 [ultranest] [DEBUG] iteration=8790, ncalls=18391, regioncalls=1834120, ndraw=40, logz=-1079365506.34, remainder_fraction=100.0000%, Lmin=-1079365441.95, Lmax=-1079292749.73
16:32:18 [ultranest] [DEBUG] iteration=8820, ncalls=18442, regioncalls=1839440, ndraw=40, logz=-1079363414.52, remainder_fraction=100.0000%, Lmin=-1079363373.68, Lmax=-1079285424.64
16:32:18 [ultranest] [DEBUG] iteration=8850, ncalls=18497, regioncalls=1846400, ndraw=40, logz=-1079361431.57, remainder_fraction=100.0000%, Lmin=-1079361311.48, Lmax=-1079285424.64
16:32:18 [ultranest] [DEBUG] iteration=8880, ncalls=18561, regioncalls=1852960, ndraw=40, logz=-1079359012.14, remainder_fraction=100.0000%, Lmin=-1079358853.03, Lmax=-1079285424.64
16:32:18 [ultranest] [DEBUG] iteration=8910, ncalls=18608, regioncalls=1858640, ndraw=40, logz=-1079356673.99, remainder_fraction=100.0000%, Lmin=-1079356610.94, Lmax=-1079285424.64
16:32:18 [ultranest] [DEBUG] iteration=8911, ncalls=18612, regioncalls=1859000, ndraw=40, logz=-1079356646.34, remainder_fraction=100.0000%, Lmin=-1079356442.06, Lmax=-1079285424.64
16:32:18 [ultranest] [DEBUG] iteration=8940, ncalls=18680, regioncalls=1866400, ndraw=40, logz=-1079354832.10, remainder_fraction=100.0000%, Lmin=-1079354781.16, Lmax=-1079283136.05
16:32:18 [ultranest] [DEBUG] iteration=8970, ncalls=18753, regioncalls=1876440, ndraw=40, logz=-1079352861.82, remainder_fraction=100.0000%, Lmin=-1079352795.93, Lmax=-1079283136.05
16:32:18 [ultranest] [DEBUG] iteration=9000, ncalls=18845, regioncalls=1889800, ndraw=40, logz=-1079350517.20, remainder_fraction=100.0000%, Lmin=-1079350460.87, Lmax=-1079279881.48
16:32:18 [ultranest] [DEBUG] iteration=9030, ncalls=18907, regioncalls=1899320, ndraw=40, logz=-1079348776.89, remainder_fraction=100.0000%, Lmin=-1079348677.97, Lmax=-1079279881.48
16:32:19 [ultranest] [DEBUG] iteration=9045, ncalls=18943, regioncalls=1904640, ndraw=40, logz=-1079347760.75, remainder_fraction=100.0000%, Lmin=-1079347614.02, Lmax=-1079279881.48
16:32:19 [ultranest] [DEBUG] iteration=9060, ncalls=18971, regioncalls=1908240, ndraw=40, logz=-1079346625.49, remainder_fraction=100.0000%, Lmin=-1079346560.99, Lmax=-1079279881.48
16:32:19 [ultranest] [DEBUG] iteration=9090, ncalls=19029, regioncalls=1916440, ndraw=40, logz=-1079344895.32, remainder_fraction=100.0000%, Lmin=-1079344845.07, Lmax=-1079279881.48
16:32:19 [ultranest] [DEBUG] iteration=9120, ncalls=19100, regioncalls=1932000, ndraw=40, logz=-1079343042.18, remainder_fraction=100.0000%, Lmin=-1079342878.20, Lmax=-1079279881.48
16:32:19 [ultranest] [DEBUG] iteration=9150, ncalls=19188, regioncalls=1949160, ndraw=40, logz=-1079341570.25, remainder_fraction=100.0000%, Lmin=-1079341435.97, Lmax=-1079279881.48
16:32:19 [ultranest] [DEBUG] iteration=9179, ncalls=19256, regioncalls=1966520, ndraw=40, logz=-1079339686.77, remainder_fraction=100.0000%, Lmin=-1079339534.87, Lmax=-1079273063.76
16:32:19 [ultranest] [DEBUG] iteration=9180, ncalls=19257, regioncalls=1966800, ndraw=40, logz=-1079339571.17, remainder_fraction=100.0000%, Lmin=-1079339473.82, Lmax=-1079273063.76
16:32:19 [ultranest] [DEBUG] iteration=9210, ncalls=19363, regioncalls=1982720, ndraw=40, logz=-1079338080.87, remainder_fraction=100.0000%, Lmin=-1079338036.11, Lmax=-1079273063.76
16:32:19 [ultranest] [DEBUG] iteration=9240, ncalls=19464, regioncalls=1998800, ndraw=40, logz=-1079336767.89, remainder_fraction=100.0000%, Lmin=-1079336717.66, Lmax=-1079273063.76
16:32:19 [ultranest] [DEBUG] iteration=9270, ncalls=19546, regioncalls=2018120, ndraw=40, logz=-1079335590.32, remainder_fraction=100.0000%, Lmin=-1079335483.59, Lmax=-1079273063.76
16:32:19 [ultranest] [DEBUG] iteration=9300, ncalls=19617, regioncalls=2035760, ndraw=40, logz=-1079333782.80, remainder_fraction=100.0000%, Lmin=-1079333714.88, Lmax=-1079273063.76
16:32:19 [ultranest] [DEBUG] iteration=9330, ncalls=19686, regioncalls=2050520, ndraw=40, logz=-1079333053.51, remainder_fraction=100.0000%, Lmin=-1079332955.57, Lmax=-1079273063.76
16:32:19 [ultranest] [DEBUG] iteration=9360, ncalls=19770, regioncalls=2069920, ndraw=40, logz=-1079332047.54, remainder_fraction=100.0000%, Lmin=-1079331959.70, Lmax=-1079273063.76
16:32:19 [ultranest] [DEBUG] iteration=9385, ncalls=19832, regioncalls=2090400, ndraw=40, logz=-1079330585.76, remainder_fraction=100.0000%, Lmin=-1079330457.77, Lmax=-1079273063.76
16:32:19 [ultranest] [DEBUG] iteration=9390, ncalls=19854, regioncalls=2094720, ndraw=40, logz=-1079330240.01, remainder_fraction=100.0000%, Lmin=-1079330143.14, Lmax=-1079273063.76
16:32:20 [ultranest] [DEBUG] iteration=9420, ncalls=19961, regioncalls=2121160, ndraw=40, logz=-1079329129.40, remainder_fraction=100.0000%, Lmin=-1079329037.24, Lmax=-1079273063.76
16:32:20 [ultranest] [DEBUG] iteration=9447, ncalls=20044, regioncalls=2143000, ndraw=40, logz=-1079327475.77, remainder_fraction=100.0000%, Lmin=-1079327435.73, Lmax=-1079273063.76
16:32:20 [ultranest] [DEBUG] iteration=9450, ncalls=20055, regioncalls=2146480, ndraw=40, logz=-1079327418.78, remainder_fraction=100.0000%, Lmin=-1079327327.49, Lmax=-1079273063.76
16:32:20 [ultranest] [DEBUG] iteration=9480, ncalls=20147, regioncalls=2170520, ndraw=40, logz=-1079325647.64, remainder_fraction=100.0000%, Lmin=-1079325553.61, Lmax=-1079273063.76
16:32:20 [ultranest] [DEBUG] iteration=9510, ncalls=20236, regioncalls=2189320, ndraw=40, logz=-1079324556.34, remainder_fraction=100.0000%, Lmin=-1079324474.20, Lmax=-1079273063.76
